<?xml version="1.0" encoding="UTF-8"?>
<slides>
  <author></author>
  <company></company>
  <date></date>
  <slide>
    <title></title>
    <content></content>
    <notes></notes>
    <layout></layout>
  </slide>
</slides>